<?xml version="1.0" encoding="UTF-8"?>
<!-- Generated by org.testng.reporters.JUnitReportReporter -->
<testsuite skipped="0" hostname="hp" name="Browsing.parametersInMaeven" tests="1" failures="0" timestamp="23 May 2019 16:20:37 GMT" time="11.602" errors="0">
  <testcase name="browser" time="11.602" classname="Browsing.parametersInMaeven"/>
</testsuite> <!-- Browsing.parametersInMaeven -->
