<?xml version="1.0" encoding="UTF-8"?>
<!-- Generated by org.testng.reporters.JUnitReportReporter -->
<testsuite skipped="0" hostname="hp" name="Browsing.parametersInMaeven" tests="1" failures="0" timestamp="01 Jun 2019 22:01:03 GMT" time="22.580" errors="0">
  <testcase name="browser" time="22.580" classname="Browsing.parametersInMaeven"/>
</testsuite> <!-- Browsing.parametersInMaeven -->
