<?xml version="1.0" encoding="UTF-8"?>
<!-- Generated by org.testng.reporters.JUnitReportReporter -->
<testsuite skipped="0" hostname="hp" name="pages.SampleTest"
	tests="1" failures="0" timestamp="05 May 2019 11:34:31 GMT" time="7.764"
	errors="0">
	<testcase name="setUp" time="7.764" classname="pages.SampleTest" />
</testsuite> <!-- pages.SampleTest -->
